
****** PlanAhead v14.7 (64-bit)
  **** Build 321239 by xbuild on Fri Sep 27 19:29:51 MDT 2013
    ** Copyright 1986-1999, 2001-2013 Xilinx, Inc. All Rights Reserved.

INFO: [Common 17-78] Attempting to get a license: PlanAhead
INFO: [Common 17-290] Got license for PlanAhead
INFO: [Device 21-36] Loading parts and site information from D:/Xilinx/14.7/ISE_DS/PlanAhead/data/parts/arch.xml
Parsing RTL primitives file [D:/Xilinx/14.7/ISE_DS/PlanAhead/data/parts/xilinx/rtl/prims/rtl_prims.xml]
Finished parsing RTL primitives file [D:/Xilinx/14.7/ISE_DS/PlanAhead/data/parts/xilinx/rtl/prims/rtl_prims.xml]
start_gui
source {D:/DSD Lab/2 cross 1 mux/lab4/lab7task2/pa.fromHdl.tcl}
# create_project -name lab7task2 -dir "D:/DSD Lab/2 cross 1 mux/lab4/lab7task2/planAhead_run_2" -part xc6slx9csg324-2
# set_param project.pinAheadLayout yes
# set srcset [get_property srcset [current_run -impl]]
# set_property target_constrs_file "task2.ucf" [current_fileset -constrset]
Adding file 'D:/DSD Lab/2 cross 1 mux/lab4/lab7task2/task2.ucf' to fileset 'constrs_1'
# set hdlfile [add_files [list {task2.v}]]
# set_property file_type Verilog $hdlfile
# set_property library work $hdlfile
# set_property top task2 $srcset
# add_files [list {task2.ucf}] -fileset [get_property constrset [current_run]]
# open_rtl_design -part xc6slx9csg324-2
Using Verific elaboration
Parsing VHDL file "D:/Xilinx/14.7/ISE_DS/PlanAhead/data/parts/xilinx/rtl/lib/synplify/synattr.vhd" into library synplify
Analyzing Verilog file "D:/DSD Lab/2 cross 1 mux/lab4/lab7task2/task2.v" into library work
Loading clock regions from D:/Xilinx/14.7/ISE_DS/PlanAhead/data\parts/xilinx/spartan6/spartan6lx/xc6slx9/ClockRegion.xml
Loading clock buffers from D:/Xilinx/14.7/ISE_DS/PlanAhead/data\parts/xilinx/spartan6/spartan6lx/xc6slx9/ClockBuffers.xml
Loading package pin functions from D:/Xilinx/14.7/ISE_DS/PlanAhead/data\parts/xilinx/spartan6/PinFunctions.xml...
Loading package from D:/Xilinx/14.7/ISE_DS/PlanAhead/data\parts/xilinx/spartan6/spartan6lx/xc6slx9/csg324/Package.xml
Loading io standards from D:/Xilinx/14.7/ISE_DS/PlanAhead/data\./parts/xilinx/spartan6/IOStandards.xml
Loading device configuration modes from D:/Xilinx/14.7/ISE_DS/PlanAhead/data\parts/xilinx/spartan6/ConfigModes.xml
Loading list of drcs for the architecture : D:/Xilinx/14.7/ISE_DS/PlanAhead/data\./parts/xilinx/spartan6/drc.xml
Parsing UCF File [D:/DSD Lab/2 cross 1 mux/lab4/lab7task2/task2.ucf]
Finished Parsing UCF File [D:/DSD Lab/2 cross 1 mux/lab4/lab7task2/task2.ucf]
INFO: [Project 1-111] Unisim Transformation Summary:
No Unisim elements were transformed.

Phase 0 | Netlist Checksum: e375c091
open_rtl_design: Time (s): elapsed = 00:00:13 . Memory (MB): peak = 627.738 ; gain = 147.918
update_compile_order -fileset sim_1
