#-----------------------------------------------------------
# PlanAhead v12.3
# Build 101344 by hdbuild on Sat Sep  4 00:26:34 MDT 2010
# Start of session at: Thu Jun 09 09:03:26 2022
# Process ID: 5908
# Log file: C:/Users/Muhammad Ali khan/DSD/lab8/planAhead_run_1/planAhead.log
# Journal file: C:/Users/Muhammad Ali khan/DSD/lab8/planAhead_run_1/planAhead.jou
#-----------------------------------------------------------
INFO: [HD-Licensing 0] Attempting to get a license: PlanAhead
INFO: [HD-Licensing 1] Got a license: PlanAhead
INFO: [HD-ArchReader 0] Loading parts and site information from C:\Xilinx\12.3\ISE_DS\PlanAhead\parts\arch.xml
INFO: [HD-RTPRIM 0] Parsing RTL primitives file 'C:\Xilinx\12.3\ISE_DS\PlanAhead\parts\xilinx\rtl\prims\rtl_prims.xml'
INFO: [HD-RTPRIM 1] Finished Parsing RTL primitives file 'C:\Xilinx\12.3\ISE_DS\PlanAhead\parts\xilinx\rtl\prims\rtl_prims.xml'
start_gui -source {C:/Users/Muhammad Ali khan/DSD/lab8/pa.fromHdl.tcl}
# create_project -name lab8 -dir "C:/Users/Muhammad Ali khan/DSD/lab8/planAhead_run_1" -part xc6slx9csg324-3
# set_param project.pinAheadLayout yes
# set srcset [get_property srcset [current_run -impl]]
# set_property top task2 $srcset
# set_param project.paUcfFile  "task2.ucf"
# set hdlfile [add_files [list {labt1.v}]]
# set_property file_type Verilog $hdlfile
# set_property library work $hdlfile
# add_files "task2.ucf" -fileset [get_property constrset [current_run]]
# add_files -norecurse { {C:/Users/Muhammad Ali khan/DSD/lab8} }
# open_rtl_design -part xc6slx9csg324-3
INFO: [HD-RTLIN 2] Parsing VHDL file "C:\Xilinx\12.3\ISE_DS\PlanAhead\parts\xilinx\rtl\lib\synplify\synattr.vhd" into library synplify
INFO: [HD-RTLIN 2] Parsing package <attributes>.
INFO: [HD-RTLIN 2] Parsing Verilog file "C:\Users\Muhammad Ali khan\DSD\lab8\labt1.v" into library work
INFO: [HD-RTLIN 2] Parsing module <task2>.
INFO: [HD-RTLIN 2] Parsing module <task1>.
INFO: [HD-RTLIN 2] Parsing module <synchron>.
INFO: [HD-RTLIN 2] Parsing module <D_FF>.
INFO: [HD-RTLIN 2] Parsing module <CLOCK_Divider>.
INFO: [HD-RTLIN 2] Elaborating module <task2>.
INFO: [HD-RTLIN 2] Elaborating module <CLOCK_Divider>.
INFO: [HD-RTLIN 2] Elaborating module <synchron>.
INFO: [HD-RTLIN 2] Elaborating module <D_FF>.
INFO: [HD-RTLIN 2] Elaborating module <task1>.
INFO: [HD-ArchReader 7] Loading clock regions from C:/Xilinx/12.3/ISE_DS/PlanAhead/parts/xilinx/spartan6/spartan6lx/xc6slx9/ClockRegion.xml
INFO: [HD-ArchReader 8] Loading clock buffers from C:/Xilinx/12.3/ISE_DS/PlanAhead/parts/xilinx/spartan6/spartan6lx/xc6slx9/ClockBuffers.xml
INFO: [HD-ArchReader 3] Loading package from C:/Xilinx/12.3/ISE_DS/PlanAhead/parts/xilinx/spartan6/spartan6lx/xc6slx9/csg324/Package.xml
INFO: [HD-ArchReader 13] Loading package pin functions from C:/Xilinx/12.3/ISE_DS/PlanAhead/parts/xilinx/spartan6/PinFunctions.xml...
INFO: [HD-ArchReader 4] Loading io standards from C:/Xilinx/12.3/ISE_DS/PlanAhead/./parts/xilinx/spartan6/IOStandards.xml
INFO: [HD-ArchReader 12] Loading device configuration modes from C:/Xilinx/12.3/ISE_DS/PlanAhead/parts/xilinx/spartan6/ConfigModes.xml
INFO: [HD-GDRC 0] Loading list of drcs for the architecture : C:/Xilinx/12.3/ISE_DS/PlanAhead/./parts/xilinx/spartan6/drc.xml
INFO: [HD-UCFReader 0] Parsing UCF File : .\task2.ucf
INFO: [HD-UCFReader 1] Finished Parsing UCF File : .\task2.ucf

DESIGN RULE CHECK VIOLATION REPORT
   Build: PlanAhead v12.3 by hdbuild
          on  Sat Sep  4 00:26:34 MDT 2010
  Report: by Muhammad Ali khan on host DESKTOP-I9MQBNU, pid 5908
          on Thu Jun 09 09:03:48 2022

REPORT SUMMARY
            Netlist: task2
          Floorplan: <none>
      Design limits: <entire design considered>
             Checks: Unknown block name
                     Unknown Unisim pin name
                     Mismatching Attribute
           Max vios: <unlimited>
         Vios found: 9

REPORT DETAILS
ULMN#1
Unknown block name - <no location>
Block name RTL_PWR is not a valid Unisim for the specified architecture. No block of type RTL_PWR exists in the Unisim library for the spartan6lx architecture.
Related Vios: <none>

ULMN#2
Unknown block name - <no location>
Block name RTL_GND is not a valid Unisim for the specified architecture. No block of type RTL_GND exists in the Unisim library for the spartan6lx architecture.
Related Vios: <none>

ULMN#3
Unknown block name - <no location>
Block name RTL_INV is not a valid Unisim for the specified architecture. No block of type RTL_INV exists in the Unisim library for the spartan6lx architecture.
Related Vios: <none>

ULMN#4
Unknown block name - <no location>
Block name RTL_add_32u_32u is not a valid Unisim for the specified architecture. No block of type RTL_add_32u_32u exists in the Unisim library for the spartan6lx architecture.
Related Vios: <none>

ULMN#5
Unknown block name - <no location>
Block name RTL_equal_32 is not a valid Unisim for the specified architecture. No block of type RTL_equal_32 exists in the Unisim library for the spartan6lx architecture.
Related Vios: <none>

ULMN#6
Unknown block name - <no location>
Block name RTL_mux_32 is not a valid Unisim for the specified architecture. No block of type RTL_mux_32 exists in the Unisim library for the spartan6lx architecture.
Related Vios: <none>

ULMN#7
Unknown block name - <no location>
Block name RTL_FDRSE is not a valid Unisim for the specified architecture. No block of type RTL_FDRSE exists in the Unisim library for the spartan6lx architecture.
Related Vios: <none>

ULMN#8
Unknown block name - <no location>
Block name RTL_wide_fdrse_32 is not a valid Unisim for the specified architecture. No block of type RTL_wide_fdrse_32 exists in the Unisim library for the spartan6lx architecture.
Related Vios: <none>

ULMN#9
Unknown block name - <no location>
Block name RTL_MUX is not a valid Unisim for the specified architecture. No block of type RTL_MUX exists in the Unisim library for the spartan6lx architecture.
Related Vios: <none>

INFO: [HD-LIB 0] Reading timing library C:/Xilinx/12.3/ISE_DS/PlanAhead/./parts/xilinx/spartan6/spartan6.lib .
INFO: [HD-LIB 1] Done reading timing library C:/Xilinx/12.3/ISE_DS/PlanAhead/./parts/xilinx/spartan6/spartan6.lib .
set_property prohibit 1 [get_sites PAD1]
set_property prohibit 0 [get_sites PAD1]
set_property loc "" [get_ports clk]
startgroup
set_property IOSTANDARD {} [get_ports clk]
endgroup
startgroup
set_property loc PAD120 [get_ports clk]
set_property is_fixed true  [get_ports clk]
endgroup
startgroup
set_property loc PAD4 [get_ports in]
set_property is_fixed true  [get_ports in]
endgroup
startgroup
set_property loc PAD8 [get_ports out]
set_property is_fixed true  [get_ports out]
endgroup
startgroup
set_property loc PAD144 [get_ports pulse]
set_property is_fixed true  [get_ports pulse]
endgroup
save_design
exit
INFO: [HD-Application 0] Exiting PlanAhead...
INFO: [HD-Licensing 2] Releasing license: PlanAhead
