Release 12.3 - xst M.70d (nt64)
Copyright (c) 1995-2010 Xilinx, Inc.  All rights reserved.
--> Parameter TMPDIR set to xst/projnav.tmp


Total REAL time to Xst completion: 0.00 secs
Total CPU time to Xst completion: 0.12 secs
 
--> Parameter xsthdpdir set to xst


Total REAL time to Xst completion: 0.00 secs
Total CPU time to Xst completion: 0.12 secs
 
--> Reading design: Lock_SD.prj

TABLE OF CONTENTS
  1) Synthesis Options Summary
  2) HDL Parsing
  3) HDL Elaboration
  4) HDL Synthesis
       4.1) HDL Synthesis Report
  5) Advanced HDL Synthesis
       5.1) Advanced HDL Synthesis Report
  6) Low Level Synthesis
  7) Partition Report
  8) Design Summary
       8.1) Primitive and Black Box Usage
       8.2) Device utilization summary
       8.3) Partition Resource Summary
       8.4) Timing Report
            8.4.1) Clock Information
            8.4.2) Asynchronous Control Signals Information
            8.4.3) Timing Summary
            8.4.4) Timing Details
            8.4.5) Cross Clock Domains Report


=========================================================================
*                      Synthesis Options Summary                        *
=========================================================================
---- Source Parameters
Input File Name                    : "Lock_SD.prj"
Input Format                       : mixed
Ignore Synthesis Constraint File   : NO

---- Target Parameters
Output File Name                   : "Lock_SD"
Output Format                      : NGC
Target Device                      : xc6slx9-3-csg324

---- Source Options
Top Module Name                    : Lock_SD
Automatic FSM Extraction           : YES
FSM Encoding Algorithm             : Auto
Safe Implementation                : No
FSM Style                          : LUT
RAM Extraction                     : Yes
RAM Style                          : Auto
ROM Extraction                     : Yes
Shift Register Extraction          : YES
ROM Style                          : Auto
Resource Sharing                   : YES
Asynchronous To Synchronous        : NO
Shift Register Minimum Size        : 2
Use DSP Block                      : Auto
Automatic Register Balancing       : No

---- Target Options
LUT Combining                      : Auto
Reduce Control Sets                : Auto
Add IO Buffers                     : YES
Global Maximum Fanout              : 100000
Add Generic Clock Buffer(BUFG)     : 16
Register Duplication               : YES
Optimize Instantiated Primitives   : NO
Use Clock Enable                   : Auto
Use Synchronous Set                : Auto
Use Synchronous Reset              : Auto
Pack IO Registers into IOBs        : Auto
Equivalent register Removal        : YES

---- General Options
Optimization Goal                  : Speed
Optimization Effort                : 1
Power Reduction                    : NO
Keep Hierarchy                     : No
Netlist Hierarchy                  : As_Optimized
RTL Output                         : Yes
Global Optimization                : AllClockNets
Read Cores                         : YES
Write Timing Constraints           : NO
Cross Clock Analysis               : NO
Hierarchy Separator                : /
Bus Delimiter                      : <>
Case Specifier                     : Maintain
Slice Utilization Ratio            : 100
BRAM Utilization Ratio             : 100
DSP48 Utilization Ratio            : 100
Auto BRAM Packing                  : NO
Slice Utilization Ratio Delta      : 5

=========================================================================


=========================================================================
*                          HDL Parsing                                  *
=========================================================================
Analyzing Verilog file \"\Users\Muhammad Ali khan\DSD\lab8\labt1.v\" into library work
Parsing module <Lock_SD>.
Parsing module <CLOCK_Divider>.
Parsing module <D_FF>.
Parsing module <synchronizer>.
Parsing module <level2pulse>.
Parsing module <seven_seg_Dec>.

=========================================================================
*                            HDL Elaboration                            *
=========================================================================

Elaborating module <Lock_SD>.

Elaborating module <CLOCK_Divider>.

Elaborating module <synchronizer>.

Elaborating module <D_FF>.

Elaborating module <level2pulse>.

Elaborating module <seven_seg_Dec>.

=========================================================================
*                           HDL Synthesis                               *
=========================================================================

Synthesizing Unit <Lock_SD>.
    Related source file is "/users/muhammad ali khan/dsd/lab8/labt1.v".
        s0 = 0
        s1 = 1
        s2 = 2
        s3 = 3
        s4 = 4
        s5 = 5
    Found 3-bit register for signal <state>.
    Found finite state machine <FSM_0> for signal <state>.
    -----------------------------------------------------------------------
    | States             | 6                                              |
    | Transitions        | 17                                             |
    | Inputs             | 2                                              |
    | Outputs            | 3                                              |
    | Clock              | clk_1Mhz (rising_edge)                         |
    | Reset              | reset_INV_9_o (positive)                       |
    | Reset type         | synchronous                                    |
    | Reset State        | 000                                            |
    | Encoding           | auto                                           |
    | Implementation     | LUT                                            |
    -----------------------------------------------------------------------
WARNING:Xst:737 - Found 1-bit latch for signal <out>. Latches may be generated from incomplete case or if statements. We do not recommend the use of latches in FPGA/CPLD designs, as they may lead to timing problems.
    Summary:
	inferred   1 Latch(s).
	inferred   2 Multiplexer(s).
	inferred   1 Finite State Machine(s).
Unit <Lock_SD> synthesized.

Synthesizing Unit <CLOCK_Divider>.
    Related source file is "/users/muhammad ali khan/dsd/lab8/labt1.v".
    Found 1-bit register for signal <clk_1Mhz>.
    Found 32-bit register for signal <c>.
    Found 32-bit adder for signal <c[31]_GND_2_o_add_1_OUT> created at line 140.
    Summary:
	inferred   1 Adder/Subtractor(s).
	inferred  33 D-type flip-flop(s).
	inferred   1 Multiplexer(s).
Unit <CLOCK_Divider> synthesized.

Synthesizing Unit <synchronizer>.
    Related source file is "/users/muhammad ali khan/dsd/lab8/labt1.v".
    Summary:
	no macro.
Unit <synchronizer> synthesized.

Synthesizing Unit <D_FF>.
    Related source file is "/users/muhammad ali khan/dsd/lab8/labt1.v".
    Found 1-bit register for signal <q>.
    Summary:
	inferred   1 D-type flip-flop(s).
Unit <D_FF> synthesized.

Synthesizing Unit <level2pulse>.
    Related source file is "/users/muhammad ali khan/dsd/lab8/labt1.v".
        s0 = 0
        s1 = 1
    Found 1-bit register for signal <state>.
    Summary:
	inferred   1 D-type flip-flop(s).
	inferred   1 Multiplexer(s).
Unit <level2pulse> synthesized.

Synthesizing Unit <seven_seg_Dec>.
    Related source file is "/users/muhammad ali khan/dsd/lab8/labt1.v".
    Found 8x7-bit Read Only RAM for signal <seg>
    Summary:
	inferred   1 RAM(s).
Unit <seven_seg_Dec> synthesized.

=========================================================================
HDL Synthesis Report

Macro Statistics
# RAMs                                                 : 1
 8x7-bit single-port Read Only RAM                     : 1
# Adders/Subtractors                                   : 1
 32-bit adder                                          : 1
# Registers                                            : 8
 1-bit register                                        : 7
 32-bit register                                       : 1
# Latches                                              : 1
 1-bit latch                                           : 1
# Multiplexers                                         : 5
 1-bit 2-to-1 multiplexer                              : 4
 32-bit 2-to-1 multiplexer                             : 1
# FSMs                                                 : 1

=========================================================================

=========================================================================
*                       Advanced HDL Synthesis                          *
=========================================================================


Synthesizing (advanced) Unit <seven_seg_Dec>.
INFO:Xst:3031 - HDL ADVISOR - The RAM <Mram_seg> will be implemented on LUTs either because you have described an asynchronous read or because of currently unsupported block RAM features. If you have described an asynchronous read, making it synchronous would allow you to take advantage of available block RAM resources, for optimized device usage and improved timings. Please refer to your documentation for coding guidelines.
    -----------------------------------------------------------------------
    | ram_type           | Distributed                         |          |
    -----------------------------------------------------------------------
    | Port A                                                              |
    |     aspect ratio   | 8-word x 7-bit                      |          |
    |     weA            | connected to signal <GND>           | high     |
    |     addrA          | connected to signal <in>            |          |
    |     diA            | connected to signal <GND>           |          |
    |     doA            | connected to signal <seg>           |          |
    -----------------------------------------------------------------------
Unit <seven_seg_Dec> synthesized (advanced).

=========================================================================
Advanced HDL Synthesis Report

Macro Statistics
# RAMs                                                 : 1
 8x7-bit single-port distributed Read Only RAM         : 1
# Adders/Subtractors                                   : 1
 32-bit adder                                          : 1
# Registers                                            : 39
 Flip-Flops                                            : 39
# Multiplexers                                         : 1
 32-bit 2-to-1 multiplexer                             : 1
# FSMs                                                 : 1

=========================================================================

=========================================================================
*                         Low Level Synthesis                           *
=========================================================================
Analyzing FSM <MFsm> for best encoding.
Optimizing FSM <FSM_0> on signal <state[1:3]> with user encoding.
-------------------
 State | Encoding
-------------------
 000   | 000
 001   | 001
 010   | 010
 011   | 011
 100   | 100
 101   | 101
-------------------

Optimizing unit <Lock_SD> ...

Optimizing unit <CLOCK_Divider> ...

Mapping all equations...
Building and optimizing final netlist ...
Found area constraint ratio of 100 (+ 5) on block Lock_SD, actual ratio is 1.

Final Macro Processing ...

=========================================================================
Final Register Report

Macro Statistics
# Registers                                            : 42
 Flip-Flops                                            : 42

=========================================================================

=========================================================================
*                           Partition Report                            *
=========================================================================

Partition Implementation Status
-------------------------------

  No Partitions were found in this design.

-------------------------------

=========================================================================
*                            Design Summary                             *
=========================================================================

Top Level Output File Name         : Lock_SD.ngc

Primitive and Black Box Usage:
------------------------------
# BELS                             : 136
#      GND                         : 1
#      INV                         : 2
#      LUT1                        : 30
#      LUT2                        : 3
#      LUT3                        : 9
#      LUT4                        : 3
#      LUT5                        : 3
#      LUT6                        : 21
#      MUXCY                       : 31
#      VCC                         : 1
#      XORCY                       : 32
# FlipFlops/Latches                : 43
#      FDR                         : 41
#      FDS                         : 1
#      LD                          : 1
# Clock Buffers                    : 1
#      BUFGP                       : 1
# IO Buffers                       : 11
#      IBUF                        : 3
#      OBUF                        : 8

Device utilization summary:
---------------------------

Selected Device : 6slx9csg324-3 


Slice Logic Utilization: 
 Number of Slice Registers:              42  out of  11440     0%  
 Number of Slice LUTs:                   71  out of   5720     1%  
    Number used as Logic:                71  out of   5720     1%  

Slice Logic Distribution: 
 Number of LUT Flip Flop pairs used:     77
   Number with an unused Flip Flop:      35  out of     77    45%  
   Number with an unused LUT:             6  out of     77     7%  
   Number of fully used LUT-FF pairs:    36  out of     77    46%  
   Number of unique control sets:         4

IO Utilization: 
 Number of IOs:                          12
 Number of bonded IOBs:                  12  out of    200     6%  
    IOB Flip Flops/Latches:               1

Specific Feature Utilization:
 Number of BUFG/BUFGCTRLs:                1  out of     16     6%  

---------------------------
Partition Resource Summary:
---------------------------

  No Partitions were found in this design.

---------------------------


=========================================================================
Timing Report

NOTE: THESE TIMING NUMBERS ARE ONLY A SYNTHESIS ESTIMATE.
      FOR ACCURATE TIMING INFORMATION PLEASE REFER TO THE TRACE REPORT
      GENERATED AFTER PLACE-and-ROUTE.

Clock Information:
------------------
-------------------------------------------------------------+------------------------+-------+
Clock Signal                                                 | Clock buffer(FF name)  | Load  |
-------------------------------------------------------------+------------------------+-------+
state[2]_PWR_7_o_Mux_18_o(Mmux_state[2]_PWR_7_o_Mux_18_o11:O)| NONE(*)(out)           | 1     |
clk_100Mhz                                                   | BUFGP                  | 37    |
cd/clk_1Mhz                                                  | NONE(l2p2/state)       | 5     |
-------------------------------------------------------------+------------------------+-------+
(*) This 1 clock signal(s) are generated by combinatorial logic,
and XST is not able to identify which are the primary clock signals.
Please use the CLOCK_SIGNAL constraint to specify the clock signal(s) generated by combinatorial logic.
INFO:Xst:2169 - HDL ADVISOR - Some clock signals were not automatically buffered by XST with BUFG/BUFR resources. Please use the buffer_type constraint in order to insert these buffers to the clock signals to help prevent skew problems.

Asynchronous Control Signals Information:
----------------------------------------
No asynchronous control signals found in this design

Timing Summary:
---------------
Speed Grade: -3

   Minimum period: 5.316ns (Maximum Frequency: 188.115MHz)
   Minimum input arrival time before clock: 3.977ns
   Maximum output required time after clock: 5.191ns
   Maximum combinational path delay: No path found

Timing Details:
---------------
All values displayed in nanoseconds (ns)

=========================================================================
Timing constraint: Default period analysis for Clock 'clk_100Mhz'
  Clock period: 5.316ns (frequency: 188.115MHz)
  Total number of paths / destination ports: 7348 / 35
-------------------------------------------------------------------------
Delay:               5.316ns (Levels of Logic = 12)
  Source:            cd/c_0 (FF)
  Destination:       cd/clk_1Mhz (FF)
  Source Clock:      clk_100Mhz rising
  Destination Clock: clk_100Mhz rising

  Data Path: cd/c_0 to cd/clk_1Mhz
                                Gate     Net
    Cell:in->out      fanout   Delay   Delay  Logical Name (Net Name)
    ----------------------------------------  ------------
     FDR:C->Q              1   0.525   0.579  cd/c_0 (cd/c_0)
     INV:I->O              1   0.255   0.000  cd/Madd_c[31]_GND_2_o_add_1_OUT_lut<0>_INV_0 (cd/Madd_c[31]_GND_2_o_add_1_OUT_lut<0>)
     MUXCY:S->O            1   0.215   0.000  cd/Madd_c[31]_GND_2_o_add_1_OUT_cy<0> (cd/Madd_c[31]_GND_2_o_add_1_OUT_cy<0>)
     MUXCY:CI->O           1   0.023   0.000  cd/Madd_c[31]_GND_2_o_add_1_OUT_cy<1> (cd/Madd_c[31]_GND_2_o_add_1_OUT_cy<1>)
     MUXCY:CI->O           1   0.023   0.000  cd/Madd_c[31]_GND_2_o_add_1_OUT_cy<2> (cd/Madd_c[31]_GND_2_o_add_1_OUT_cy<2>)
     MUXCY:CI->O           1   0.023   0.000  cd/Madd_c[31]_GND_2_o_add_1_OUT_cy<3> (cd/Madd_c[31]_GND_2_o_add_1_OUT_cy<3>)
     MUXCY:CI->O           1   0.023   0.000  cd/Madd_c[31]_GND_2_o_add_1_OUT_cy<4> (cd/Madd_c[31]_GND_2_o_add_1_OUT_cy<4>)
     MUXCY:CI->O           1   0.023   0.000  cd/Madd_c[31]_GND_2_o_add_1_OUT_cy<5> (cd/Madd_c[31]_GND_2_o_add_1_OUT_cy<5>)
     MUXCY:CI->O           1   0.023   0.000  cd/Madd_c[31]_GND_2_o_add_1_OUT_cy<6> (cd/Madd_c[31]_GND_2_o_add_1_OUT_cy<6>)
     XORCY:CI->O           2   0.206   1.047  cd/Madd_c[31]_GND_2_o_add_1_OUT_xor<7> (cd/c[31]_GND_2_o_add_1_OUT<7>)
     LUT6:I1->O           13   0.254   0.933  cd/c[31]_GND_2_o_equal_3_o<31>7 (cd/c[31]_GND_2_o_equal_3_o<31>6)
     LUT6:I5->O            1   0.254   0.580  cd/c[31]_GND_2_o_equal_3_o<31>8_SW0 (N63)
     LUT6:I5->O            1   0.254   0.000  cd/clk_1Mhz_rstpot (cd/clk_1Mhz_rstpot)
     FDS:D                     0.074          cd/clk_1Mhz
    ----------------------------------------
    Total                      5.316ns (2.177ns logic, 3.139ns route)
                                       (40.9% logic, 59.1% route)

=========================================================================
Timing constraint: Default period analysis for Clock 'cd/clk_1Mhz'
  Clock period: 2.832ns (frequency: 353.126MHz)
  Total number of paths / destination ports: 14 / 4
-------------------------------------------------------------------------
Delay:               2.832ns (Levels of Logic = 2)
  Source:            l2p1/state (FF)
  Destination:       state_FSM_FFd2 (FF)
  Source Clock:      cd/clk_1Mhz rising
  Destination Clock: cd/clk_1Mhz rising

  Data Path: l2p1/state to state_FSM_FFd2
                                Gate     Net
    Cell:in->out      fanout   Delay   Delay  Logical Name (Net Name)
    ----------------------------------------  ------------
     FDR:C->Q              5   0.525   0.715  l2p1/state (l2p1/state)
     LUT2:I1->O            1   0.254   1.010  state_FSM_FFd2-In_SW0 (N13)
     LUT6:I1->O            1   0.254   0.000  state_FSM_FFd2-In (state_FSM_FFd2-In)
     FDR:D                     0.074          state_FSM_FFd2
    ----------------------------------------
    Total                      2.832ns (1.107ns logic, 1.725ns route)
                                       (39.1% logic, 60.9% route)

=========================================================================
Timing constraint: Default OFFSET IN BEFORE for Clock 'clk_100Mhz'
  Total number of paths / destination ports: 39 / 39
-------------------------------------------------------------------------
Offset:              3.977ns (Levels of Logic = 2)
  Source:            reset (PAD)
  Destination:       inst1/ff1/q (FF)
  Destination Clock: clk_100Mhz rising

  Data Path: reset to inst1/ff1/q
                                Gate     Net
    Cell:in->out      fanout   Delay   Delay  Logical Name (Net Name)
    ----------------------------------------  ------------
     IBUF:I->O             2   1.228   0.616  reset_IBUF (reset_IBUF)
     INV:I->O             41   0.255   1.419  inst1/ff0/reset_inv1_INV_0 (cd/reset_inv)
     FDR:R                     0.459          cd/c_0
    ----------------------------------------
    Total                      3.977ns (1.942ns logic, 2.035ns route)
                                       (48.8% logic, 51.2% route)

=========================================================================
Timing constraint: Default OFFSET IN BEFORE for Clock 'cd/clk_1Mhz'
  Total number of paths / destination ports: 5 / 5
-------------------------------------------------------------------------
Offset:              3.977ns (Levels of Logic = 2)
  Source:            reset (PAD)
  Destination:       l2p2/state (FF)
  Destination Clock: cd/clk_1Mhz rising

  Data Path: reset to l2p2/state
                                Gate     Net
    Cell:in->out      fanout   Delay   Delay  Logical Name (Net Name)
    ----------------------------------------  ------------
     IBUF:I->O             2   1.228   0.616  reset_IBUF (reset_IBUF)
     INV:I->O             41   0.255   1.419  inst1/ff0/reset_inv1_INV_0 (cd/reset_inv)
     FDR:R                     0.459          l2p2/state
    ----------------------------------------
    Total                      3.977ns (1.942ns logic, 2.035ns route)
                                       (48.8% logic, 51.2% route)

=========================================================================
Timing constraint: Default OFFSET OUT AFTER for Clock 'cd/clk_1Mhz'
  Total number of paths / destination ports: 21 / 7
-------------------------------------------------------------------------
Offset:              5.191ns (Levels of Logic = 2)
  Source:            state_FSM_FFd1 (FF)
  Destination:       seg7<1> (PAD)
  Source Clock:      cd/clk_1Mhz rising

  Data Path: state_FSM_FFd1 to seg7<1>
                                Gate     Net
    Cell:in->out      fanout   Delay   Delay  Logical Name (Net Name)
    ----------------------------------------  ------------
     FDR:C->Q             12   0.525   1.137  state_FSM_FFd1 (state_FSM_FFd1)
     LUT3:I0->O            1   0.235   0.579  seg1/Mram_seg111 (seg7_1_OBUF)
     OBUF:I->O                 2.715          seg7_1_OBUF (seg7<1>)
    ----------------------------------------
    Total                      5.191ns (3.475ns logic, 1.716ns route)
                                       (66.9% logic, 33.1% route)

=========================================================================
Timing constraint: Default OFFSET OUT AFTER for Clock 'state[2]_PWR_7_o_Mux_18_o'
  Total number of paths / destination ports: 1 / 1
-------------------------------------------------------------------------
Offset:              3.875ns (Levels of Logic = 1)
  Source:            out (LATCH)
  Destination:       out (PAD)
  Source Clock:      state[2]_PWR_7_o_Mux_18_o falling

  Data Path: out to out
                                Gate     Net
    Cell:in->out      fanout   Delay   Delay  Logical Name (Net Name)
    ----------------------------------------  ------------
     LD:G->Q               1   0.581   0.579  out (out_OBUF)
     OBUF:I->O                 2.715          out_OBUF (out)
    ----------------------------------------
    Total                      3.875ns (3.296ns logic, 0.579ns route)
                                       (85.1% logic, 14.9% route)

=========================================================================

Cross Clock Domains Report:
--------------------------

Clock to Setup on destination clock cd/clk_1Mhz
---------------+---------+---------+---------+---------+
               | Src:Rise| Src:Fall| Src:Rise| Src:Fall|
Source Clock   |Dest:Rise|Dest:Rise|Dest:Fall|Dest:Fall|
---------------+---------+---------+---------+---------+
cd/clk_1Mhz    |    2.832|         |         |         |
clk_100Mhz     |    2.966|         |         |         |
---------------+---------+---------+---------+---------+

Clock to Setup on destination clock clk_100Mhz
---------------+---------+---------+---------+---------+
               | Src:Rise| Src:Fall| Src:Rise| Src:Fall|
Source Clock   |Dest:Rise|Dest:Rise|Dest:Fall|Dest:Fall|
---------------+---------+---------+---------+---------+
clk_100Mhz     |    5.316|         |         |         |
---------------+---------+---------+---------+---------+

Clock to Setup on destination clock state[2]_PWR_7_o_Mux_18_o
---------------+---------+---------+---------+---------+
               | Src:Rise| Src:Fall| Src:Rise| Src:Fall|
Source Clock   |Dest:Rise|Dest:Rise|Dest:Fall|Dest:Fall|
---------------+---------+---------+---------+---------+
cd/clk_1Mhz    |         |         |    2.128|         |
clk_100Mhz     |         |         |    1.664|         |
---------------+---------+---------+---------+---------+

=========================================================================


Total REAL time to Xst completion: 4.00 secs
Total CPU time to Xst completion: 4.34 secs
 
--> 

Total memory usage is 4489604 kilobytes

Number of errors   :    0 (   0 filtered)
Number of warnings :    1 (   0 filtered)
Number of infos    :    2 (   0 filtered)

