#-----------------------------------------------------------
# PlanAhead v14.7 (64-bit)
# Build 321239 by xbuild on Fri Sep 27 19:29:51 MDT 2013
# Start of session at: Wed Jul 27 10:22:09 2022
# Process ID: 22824
# Log file: C:/Users/mohsi/Desktop/PArking/Parking/planAhead_run_1/planAhead.log
# Journal file: C:/Users/mohsi/Desktop/PArking/Parking/planAhead_run_1/planAhead.jou
#-----------------------------------------------------------
INFO: [Common 17-78] Attempting to get a license: PlanAhead
INFO: [Common 17-290] Got license for PlanAhead
INFO: [Device 21-36] Loading parts and site information from C:/Xilinx/14.7/ISE_DS/PlanAhead/data/parts/arch.xml
Parsing RTL primitives file [C:/Xilinx/14.7/ISE_DS/PlanAhead/data/parts/xilinx/rtl/prims/rtl_prims.xml]
Finished parsing RTL primitives file [C:/Xilinx/14.7/ISE_DS/PlanAhead/data/parts/xilinx/rtl/prims/rtl_prims.xml]
start_gui
source C:/Users/mohsi/Desktop/PArking/Parking/pa.fromHdl.tcl
# create_project -name Parking -dir "C:/Users/mohsi/Desktop/PArking/Parking/planAhead_run_1" -part xc6slx9csg324-2
create_project: Time (s): elapsed = 00:00:08 . Memory (MB): peak = 482.336 ; gain = 58.961
# set_param project.pinAheadLayout yes
# set srcset [get_property srcset [current_run -impl]]
# set_property target_constrs_file "Parking.ucf" [current_fileset -constrset]
Adding file 'C:/Users/mohsi/Desktop/PArking/Parking/Parking.ucf' to fileset 'constrs_1'
# set hdlfile [add_files [list {D_FF.v}]]
# set_property file_type Verilog $hdlfile
# set_property library work $hdlfile
# set hdlfile [add_files [list {Sync.v}]]
# set_property file_type Verilog $hdlfile
# set_property library work $hdlfile
# set hdlfile [add_files [list {Seven_Seg_Dec.v}]]
# set_property file_type Verilog $hdlfile
# set_property library work $hdlfile
# set hdlfile [add_files [list {Pulse.v}]]
# set_property file_type Verilog $hdlfile
# set_property library work $hdlfile
# set hdlfile [add_files [list {Clk_Div.v}]]
# set_property file_type Verilog $hdlfile
# set_property library work $hdlfile
# set hdlfile [add_files [list {Parking.v}]]
# set_property file_type Verilog $hdlfile
# set_property library work $hdlfile
# set_property top Parking $srcset
# add_files [list {Parking.ucf}] -fileset [get_property constrset [current_run]]
# open_rtl_design -part xc6slx9csg324-2
Using Verific elaboration
Parsing VHDL file "C:/Xilinx/14.7/ISE_DS/PlanAhead/data/parts/xilinx/rtl/lib/synplify/synattr.vhd" into library synplify
Analyzing Verilog file "C:/Users/mohsi/Desktop/PArking/Parking/D_FF.v" into library work
Analyzing Verilog file "C:/Users/mohsi/Desktop/PArking/Parking/Sync.v" into library work
Analyzing Verilog file "C:/Users/mohsi/Desktop/PArking/Parking/Seven_Seg_Dec.v" into library work
Analyzing Verilog file "C:/Users/mohsi/Desktop/PArking/Parking/Pulse.v" into library work
Analyzing Verilog file "C:/Users/mohsi/Desktop/PArking/Parking/Clk_Div.v" into library work
Analyzing Verilog file "C:/Users/mohsi/Desktop/PArking/Parking/Parking.v" into library work
Loading clock regions from C:/Xilinx/14.7/ISE_DS/PlanAhead/data\parts/xilinx/spartan6/spartan6lx/xc6slx9/ClockRegion.xml
Loading clock buffers from C:/Xilinx/14.7/ISE_DS/PlanAhead/data\parts/xilinx/spartan6/spartan6lx/xc6slx9/ClockBuffers.xml
Loading package pin functions from C:/Xilinx/14.7/ISE_DS/PlanAhead/data\parts/xilinx/spartan6/PinFunctions.xml...
Loading package from C:/Xilinx/14.7/ISE_DS/PlanAhead/data\parts/xilinx/spartan6/spartan6lx/xc6slx9/csg324/Package.xml
Loading io standards from C:/Xilinx/14.7/ISE_DS/PlanAhead/data\./parts/xilinx/spartan6/IOStandards.xml
Loading device configuration modes from C:/Xilinx/14.7/ISE_DS/PlanAhead/data\parts/xilinx/spartan6/ConfigModes.xml
Loading list of drcs for the architecture : C:/Xilinx/14.7/ISE_DS/PlanAhead/data\./parts/xilinx/spartan6/drc.xml
Parsing UCF File [C:/Users/mohsi/Desktop/PArking/Parking/Parking.ucf]
Finished Parsing UCF File [C:/Users/mohsi/Desktop/PArking/Parking/Parking.ucf]
INFO: [Project 1-111] Unisim Transformation Summary:
No Unisim elements were transformed.

Phase 0 | Netlist Checksum: 8d85aa16
open_rtl_design: Time (s): elapsed = 00:00:27 . Memory (MB): peak = 658.004 ; gain = 171.527
update_compile_order -fileset sim_1
update_compile_order -fileset sources_1
update_compile_order -fileset sources_1
update_compile_order -fileset sources_1
exit
ERROR: [PlanAhead 12-106] *** Exception: ui.h.b: Found deleted key in HTclEventBroker. Verify if the classes listed here call cleanup()
HTclEvent: DEBUG_PORT_CONFIG_CHANGE   Classes: ui.views.aR 
HTclEvent: DEBUG_CORE_CONFIG_CHANGE   Classes: ui.views.aR 
HTclEvent: SIGNAL_BUS_MODIFY   Classes: ui.views.aR 
HTclEvent: SIGNAL_MODIFY   Classes: ui.views.aR 
 (See C:/Users/mohsi/Desktop/PArking/Parking\planAhead_pid22824.debug)
ERROR: [Common 17-39] 'stop_gui' failed due to earlier errors.
INFO: [Common 17-206] Exiting PlanAhead at Wed Jul 27 10:27:28 2022...
INFO: [Common 17-83] Releasing license: PlanAhead
