Release 12.3 - xst M.70d (nt64)
Copyright (c) 1995-2010 Xilinx, Inc.  All rights reserved.
--> Parameter TMPDIR set to xst/projnav.tmp


Total REAL time to Xst completion: 0.00 secs
Total CPU time to Xst completion: 0.14 secs
 
--> Parameter xsthdpdir set to xst


Total REAL time to Xst completion: 0.00 secs
Total CPU time to Xst completion: 0.14 secs
 
--> Reading design: leveltopulseconverter.prj

TABLE OF CONTENTS
  1) Synthesis Options Summary
  2) HDL Parsing
  3) HDL Elaboration
  4) HDL Synthesis
       4.1) HDL Synthesis Report
  5) Advanced HDL Synthesis
       5.1) Advanced HDL Synthesis Report
  6) Low Level Synthesis
  7) Partition Report
  8) Design Summary
       8.1) Primitive and Black Box Usage
       8.2) Device utilization summary
       8.3) Partition Resource Summary
       8.4) Timing Report
            8.4.1) Clock Information
            8.4.2) Asynchronous Control Signals Information
            8.4.3) Timing Summary
            8.4.4) Timing Details
            8.4.5) Cross Clock Domains Report


=========================================================================
*                      Synthesis Options Summary                        *
=========================================================================
---- Source Parameters
Input File Name                    : "leveltopulseconverter.prj"
Input Format                       : mixed
Ignore Synthesis Constraint File   : NO

---- Target Parameters
Output File Name                   : "leveltopulseconverter"
Output Format                      : NGC
Target Device                      : xc6slx9-3-csg324

---- Source Options
Top Module Name                    : leveltopulseconverter
Automatic FSM Extraction           : YES
FSM Encoding Algorithm             : Auto
Safe Implementation                : No
FSM Style                          : LUT
RAM Extraction                     : Yes
RAM Style                          : Auto
ROM Extraction                     : Yes
Shift Register Extraction          : YES
ROM Style                          : Auto
Resource Sharing                   : YES
Asynchronous To Synchronous        : NO
Shift Register Minimum Size        : 2
Use DSP Block                      : Auto
Automatic Register Balancing       : No

---- Target Options
LUT Combining                      : Auto
Reduce Control Sets                : Auto
Add IO Buffers                     : YES
Global Maximum Fanout              : 100000
Add Generic Clock Buffer(BUFG)     : 16
Register Duplication               : YES
Optimize Instantiated Primitives   : NO
Use Clock Enable                   : Auto
Use Synchronous Set                : Auto
Use Synchronous Reset              : Auto
Pack IO Registers into IOBs        : Auto
Equivalent register Removal        : YES

---- General Options
Optimization Goal                  : Speed
Optimization Effort                : 1
Power Reduction                    : NO
Keep Hierarchy                     : No
Netlist Hierarchy                  : As_Optimized
RTL Output                         : Yes
Global Optimization                : AllClockNets
Read Cores                         : YES
Write Timing Constraints           : NO
Cross Clock Analysis               : NO
Hierarchy Separator                : /
Bus Delimiter                      : <>
Case Specifier                     : Maintain
Slice Utilization Ratio            : 100
BRAM Utilization Ratio             : 100
DSP48 Utilization Ratio            : 100
Auto BRAM Packing                  : NO
Slice Utilization Ratio Delta      : 5

=========================================================================


=========================================================================
*                          HDL Parsing                                  *
=========================================================================
Analyzing Verilog file \"\Users\Muhammad Ali khan\DSD\lab7\leveltopulseconverter.v\" into library work
Parsing module <D_FF>.
Parsing module <syncronizer>.
Parsing module <clk_divider>.
Parsing module <leveltopulseconverter>.

=========================================================================
*                            HDL Elaboration                            *
=========================================================================

Elaborating module <leveltopulseconverter>.

Elaborating module <syncronizer>.

Elaborating module <D_FF>.

Elaborating module <clk_divider>.
WARNING:HDLCompiler:1127 - "\Users\Muhammad Ali khan\DSD\lab7\leveltopulseconverter.v" Line 55: Assignment to clk1 ignored, since the identifier is never used
WARNING:Xst:2972 - "/users/muhammad ali khan/dsd/lab7/leveltopulseconverter.v" line 55. All outputs of instance <cd> of block <clk_divider> are unconnected in block <leveltopulseconverter>. Underlying logic will be removed.

=========================================================================
*                           HDL Synthesis                               *
=========================================================================

Synthesizing Unit <leveltopulseconverter>.
    Related source file is "/users/muhammad ali khan/dsd/lab7/leveltopulseconverter.v".
        s0 = 0
        s1 = 1
INFO:Xst:3010 - "/users/muhammad ali khan/dsd/lab7/leveltopulseconverter.v" line 55: Output port <clk1> of the instance <cd> is unconnected or connected to loadless signal.
    Summary:
	no macro.
Unit <leveltopulseconverter> synthesized.

Synthesizing Unit <syncronizer>.
    Related source file is "/users/muhammad ali khan/dsd/lab7/leveltopulseconverter.v".
    Summary:
	no macro.
Unit <syncronizer> synthesized.

Synthesizing Unit <D_FF>.
    Related source file is "/users/muhammad ali khan/dsd/lab7/leveltopulseconverter.v".
    Found 1-bit register for signal <q>.
    Summary:
	inferred   1 D-type flip-flop(s).
Unit <D_FF> synthesized.

=========================================================================
HDL Synthesis Report

Macro Statistics
# Registers                                            : 2
 1-bit register                                        : 2

=========================================================================

=========================================================================
*                       Advanced HDL Synthesis                          *
=========================================================================


=========================================================================
Advanced HDL Synthesis Report

Macro Statistics
# Registers                                            : 2
 Flip-Flops                                            : 2

=========================================================================

=========================================================================
*                         Low Level Synthesis                           *
=========================================================================

Optimizing unit <leveltopulseconverter> ...

Mapping all equations...
Building and optimizing final netlist ...
Found area constraint ratio of 100 (+ 5) on block leveltopulseconverter, actual ratio is 0.

Final Macro Processing ...

=========================================================================
Final Register Report

Macro Statistics
# Registers                                            : 2
 Flip-Flops                                            : 2

=========================================================================

=========================================================================
*                           Partition Report                            *
=========================================================================

Partition Implementation Status
-------------------------------

  No Partitions were found in this design.

-------------------------------

=========================================================================
*                            Design Summary                             *
=========================================================================

Top Level Output File Name         : leveltopulseconverter.ngc

Primitive and Black Box Usage:
------------------------------
# FlipFlops/Latches                : 2
#      FDC_1                       : 2
# Clock Buffers                    : 1
#      BUFGP                       : 1
# IO Buffers                       : 3
#      IBUF                        : 2
#      OBUF                        : 1

Device utilization summary:
---------------------------

Selected Device : 6slx9csg324-3 


Slice Logic Utilization: 
 Number of Slice Registers:               2  out of  11440     0%  

Slice Logic Distribution: 
 Number of LUT Flip Flop pairs used:      2
   Number with an unused Flip Flop:       0  out of      2     0%  
   Number with an unused LUT:             2  out of      2   100%  
   Number of fully used LUT-FF pairs:     0  out of      2     0%  
   Number of unique control sets:         1

IO Utilization: 
 Number of IOs:                           4
 Number of bonded IOBs:                   4  out of    200     2%  

Specific Feature Utilization:
 Number of BUFG/BUFGCTRLs:                1  out of     16     6%  

---------------------------
Partition Resource Summary:
---------------------------

  No Partitions were found in this design.

---------------------------


=========================================================================
Timing Report

NOTE: THESE TIMING NUMBERS ARE ONLY A SYNTHESIS ESTIMATE.
      FOR ACCURATE TIMING INFORMATION PLEASE REFER TO THE TRACE REPORT
      GENERATED AFTER PLACE-and-ROUTE.

Clock Information:
------------------
-----------------------------------+------------------------+-------+
Clock Signal                       | Clock buffer(FF name)  | Load  |
-----------------------------------+------------------------+-------+
clk                                | BUFGP                  | 2     |
-----------------------------------+------------------------+-------+

Asynchronous Control Signals Information:
----------------------------------------
No asynchronous control signals found in this design

Timing Summary:
---------------
Speed Grade: -3

   Minimum period: 1.178ns (Maximum Frequency: 849.005MHz)
   Minimum input arrival time before clock: 2.303ns
   Maximum output required time after clock: 3.819ns
   Maximum combinational path delay: No path found

Timing Details:
---------------
All values displayed in nanoseconds (ns)

=========================================================================
Timing constraint: Default period analysis for Clock 'clk'
  Clock period: 1.178ns (frequency: 849.005MHz)
  Total number of paths / destination ports: 1 / 1
-------------------------------------------------------------------------
Delay:               1.178ns (Levels of Logic = 0)
  Source:            syn/dff1/q (FF)
  Destination:       syn/dff2/q (FF)
  Source Clock:      clk falling
  Destination Clock: clk falling

  Data Path: syn/dff1/q to syn/dff2/q
                                Gate     Net
    Cell:in->out      fanout   Delay   Delay  Logical Name (Net Name)
    ----------------------------------------  ------------
     FDC_1:C->Q            1   0.525   0.579  syn/dff1/q (syn/dff1/q)
     FDC_1:D                   0.074          syn/dff2/q
    ----------------------------------------
    Total                      1.178ns (0.599ns logic, 0.579ns route)
                                       (50.9% logic, 49.1% route)

=========================================================================
Timing constraint: Default OFFSET IN BEFORE for Clock 'clk'
  Total number of paths / destination ports: 3 / 3
-------------------------------------------------------------------------
Offset:              2.303ns (Levels of Logic = 1)
  Source:            rst (PAD)
  Destination:       syn/dff2/q (FF)
  Destination Clock: clk falling

  Data Path: rst to syn/dff2/q
                                Gate     Net
    Cell:in->out      fanout   Delay   Delay  Logical Name (Net Name)
    ----------------------------------------  ------------
     IBUF:I->O             2   1.228   0.616  rst_IBUF (rst_IBUF)
     FDC_1:CLR                 0.459          syn/dff2/q
    ----------------------------------------
    Total                      2.303ns (1.687ns logic, 0.616ns route)
                                       (73.2% logic, 26.8% route)

=========================================================================
Timing constraint: Default OFFSET OUT AFTER for Clock 'clk'
  Total number of paths / destination ports: 1 / 1
-------------------------------------------------------------------------
Offset:              3.819ns (Levels of Logic = 1)
  Source:            syn/dff2/q (FF)
  Destination:       out (PAD)
  Source Clock:      clk falling

  Data Path: syn/dff2/q to out
                                Gate     Net
    Cell:in->out      fanout   Delay   Delay  Logical Name (Net Name)
    ----------------------------------------  ------------
     FDC_1:C->Q            1   0.525   0.579  syn/dff2/q (syn/dff2/q)
     OBUF:I->O                 2.715          out_OBUF (out)
    ----------------------------------------
    Total                      3.819ns (3.240ns logic, 0.579ns route)
                                       (84.8% logic, 15.2% route)

=========================================================================

Cross Clock Domains Report:
--------------------------

Clock to Setup on destination clock clk
---------------+---------+---------+---------+---------+
               | Src:Rise| Src:Fall| Src:Rise| Src:Fall|
Source Clock   |Dest:Rise|Dest:Rise|Dest:Fall|Dest:Fall|
---------------+---------+---------+---------+---------+
clk            |         |         |    1.178|         |
---------------+---------+---------+---------+---------+

=========================================================================


Total REAL time to Xst completion: 4.00 secs
Total CPU time to Xst completion: 4.17 secs
 
--> 

Total memory usage is 4489604 kilobytes

Number of errors   :    0 (   0 filtered)
Number of warnings :    2 (   0 filtered)
Number of infos    :    1 (   0 filtered)

