Release 12.3 - xst M.70d (nt64)
Copyright (c) 1995-2010 Xilinx, Inc.  All rights reserved.
--> Parameter TMPDIR set to xst/projnav.tmp


Total REAL time to Xst completion: 1.00 secs
Total CPU time to Xst completion: 0.68 secs
 
--> Parameter xsthdpdir set to xst


Total REAL time to Xst completion: 1.00 secs
Total CPU time to Xst completion: 0.68 secs
 
--> Reading design: seg7counter.prj

TABLE OF CONTENTS
  1) Synthesis Options Summary
  2) HDL Parsing
  3) HDL Elaboration
  4) HDL Synthesis
       4.1) HDL Synthesis Report
  5) Advanced HDL Synthesis
       5.1) Advanced HDL Synthesis Report
  6) Low Level Synthesis
  7) Partition Report
  8) Design Summary
       8.1) Primitive and Black Box Usage
       8.2) Device utilization summary
       8.3) Partition Resource Summary
       8.4) Timing Report
            8.4.1) Clock Information
            8.4.2) Asynchronous Control Signals Information
            8.4.3) Timing Summary
            8.4.4) Timing Details
            8.4.5) Cross Clock Domains Report


=========================================================================
*                      Synthesis Options Summary                        *
=========================================================================
---- Source Parameters
Input File Name                    : "seg7counter.prj"
Input Format                       : mixed
Ignore Synthesis Constraint File   : NO

---- Target Parameters
Output File Name                   : "seg7counter"
Output Format                      : NGC
Target Device                      : xc6slx9-3-csg324

---- Source Options
Top Module Name                    : seg7counter
Automatic FSM Extraction           : YES
FSM Encoding Algorithm             : Auto
Safe Implementation                : No
FSM Style                          : LUT
RAM Extraction                     : Yes
RAM Style                          : Auto
ROM Extraction                     : Yes
Shift Register Extraction          : YES
ROM Style                          : Auto
Resource Sharing                   : YES
Asynchronous To Synchronous        : NO
Shift Register Minimum Size        : 2
Use DSP Block                      : Auto
Automatic Register Balancing       : No

---- Target Options
LUT Combining                      : Auto
Reduce Control Sets                : Auto
Add IO Buffers                     : YES
Global Maximum Fanout              : 100000
Add Generic Clock Buffer(BUFG)     : 16
Register Duplication               : YES
Optimize Instantiated Primitives   : NO
Use Clock Enable                   : Auto
Use Synchronous Set                : Auto
Use Synchronous Reset              : Auto
Pack IO Registers into IOBs        : Auto
Equivalent register Removal        : YES

---- General Options
Optimization Goal                  : Speed
Optimization Effort                : 1
Power Reduction                    : NO
Keep Hierarchy                     : No
Netlist Hierarchy                  : As_Optimized
RTL Output                         : Yes
Global Optimization                : AllClockNets
Read Cores                         : YES
Write Timing Constraints           : NO
Cross Clock Analysis               : NO
Hierarchy Separator                : /
Bus Delimiter                      : <>
Case Specifier                     : Maintain
Slice Utilization Ratio            : 100
BRAM Utilization Ratio             : 100
DSP48 Utilization Ratio            : 100
Auto BRAM Packing                  : NO
Slice Utilization Ratio Delta      : 5

=========================================================================


=========================================================================
*                          HDL Parsing                                  *
=========================================================================
Analyzing Verilog file \"\Users\Muhammad Ali khan\DSD\lab6\seg7counter.v\" into library work
Parsing module <seg7counter>.
ERROR:HDLCompiler:806 - "\Users\Muhammad Ali khan\DSD\lab6\seg7counter.v" Line 17: Syntax error near "+".
ERROR:HDLCompiler:806 - "\Users\Muhammad Ali khan\DSD\lab6\seg7counter.v" Line 21: Syntax error near "+".
ERROR:HDLCompiler:806 - "\Users\Muhammad Ali khan\DSD\lab6\seg7counter.v" Line 26: Syntax error near "else".
ERROR:HDLCompiler:806 - "\Users\Muhammad Ali khan\DSD\lab6\seg7counter.v" Line 34: Syntax error near "endmodule".
ERROR:HDLCompiler:806 - "\Users\Muhammad Ali khan\DSD\lab6\seg7counter.v" Line 38: Syntax error near "output".
ERROR:HDLCompiler:806 - "\Users\Muhammad Ali khan\DSD\lab6\seg7counter.v" Line 42: Syntax error near "output".
ERROR:HDLCompiler:806 - "\Users\Muhammad Ali khan\DSD\lab6\seg7counter.v" Line 60: Syntax error near "endmodule".
ERROR:HDLCompiler:806 - "\Users\Muhammad Ali khan\DSD\lab6\seg7counter.v" Line 64: Syntax error near "input".
ERROR:HDLCompiler:806 - "\Users\Muhammad Ali khan\DSD\lab6\seg7counter.v" Line 69: Syntax error near "posedge".
ERROR:HDLCompiler:806 - "\Users\Muhammad Ali khan\DSD\lab6\seg7counter.v" Line 74: Syntax error near "else".
ERROR:HDLCompiler:806 - "\Users\Muhammad Ali khan\DSD\lab6\seg7counter.v" Line 77: Syntax error near "else".
ERROR:HDLCompiler:806 - "\Users\Muhammad Ali khan\DSD\lab6\seg7counter.v" Line 81: Syntax error near "endmodule".
Verilog file \Users\Muhammad Ali khan\DSD\lab6\seg7counter.v ignored due to errors
--> 

Total memory usage is 4451972 kilobytes

Number of errors   :   12 (   0 filtered)
Number of warnings :    0 (   0 filtered)
Number of infos    :    0 (   0 filtered)

